DEB [20180429-15:11:47.705] thr=1   paramiko.transport: starting thread (server mode): 0x51b2390
DEB [20180429-15:11:47.706] thr=1   paramiko.transport: Local version/idstring: SSH-2.0-paramiko_2.4.1
DEB [20180429-15:11:47.706] thr=1   paramiko.transport: Remote version/idstring: SSH-2.0-PuTTY_Release_0.67
INF [20180429-15:11:47.706] thr=1   paramiko.transport: Connected (version 2.0, client PuTTY_Release_0.67)
DEB [20180429-15:11:47.706] thr=1   paramiko.transport: kex algos:['diffie-hellman-group-exchange-sha256', 'diffie-hellman-group-exchange-sha1', 'diffie-hellman-group14-sha1', 'diffie-hellman-group1-sha1', 'rsa2048-sha256', 'rsa1024-sha1'] server key:['ssh-rsa', 'ssh-dss'] client encrypt:['aes256-ctr', 'aes256-cbc', 'rijndael-cbc@lysator.liu.se', 'aes192-ctr', 'aes192-cbc', 'aes128-ctr', 'aes128-cbc', 'blowfish-ctr', 'blowfish-cbc', '3des-ctr', '3des-cbc', 'arcfour256', 'arcfour128'] server encrypt:['aes256-ctr', 'aes256-cbc', 'rijndael-cbc@lysator.liu.se', 'aes192-ctr', 'aes192-cbc', 'aes128-ctr', 'aes128-cbc', 'blowfish-ctr', 'blowfish-cbc', '3des-ctr', '3des-cbc', 'arcfour256', 'arcfour128'] client mac:['hmac-sha2-256', 'hmac-sha1', 'hmac-sha1-96', 'hmac-md5'] server mac:['hmac-sha2-256', 'hmac-sha1', 'hmac-sha1-96', 'hmac-md5'] client compress:['none', 'zlib'] server compress:['none', 'zlib'] client lang:[''] server lang:[''] kex follows?False
DEB [20180429-15:11:47.707] thr=1   paramiko.transport: Kex agreed: diffie-hellman-group14-sha1
DEB [20180429-15:11:47.707] thr=1   paramiko.transport: HostKey agreed: ssh-rsa
DEB [20180429-15:11:47.707] thr=1   paramiko.transport: Cipher agreed: aes256-ctr
DEB [20180429-15:11:47.707] thr=1   paramiko.transport: MAC agreed: hmac-sha2-256
DEB [20180429-15:11:47.707] thr=1   paramiko.transport: Compression agreed: none
DEB [20180429-15:11:47.817] thr=1   paramiko.transport: kex engine KexGroup14 specified hash_algo <built-in function openssl_sha1>
DEB [20180429-15:11:49.994] thr=1   paramiko.transport: Switch to new keys ...
DEB [20180429-15:12:00.843] thr=1   paramiko.transport: Auth request (type=none) service=ssh-connection, username=robey
INF [20180429-15:12:00.843] thr=1   paramiko.transport: Auth rejected (none).
DEB [20180429-15:12:00.844] thr=1   paramiko.transport: Auth request (type=gssapi-with-mic) service=ssh-connection, username=robey
ERR [20180429-15:12:00.844] thr=1   paramiko.transport: Unknown exception: Unable to import a GSS-API / SSPI module!
ERR [20180429-15:12:00.846] thr=1   paramiko.transport: Traceback (most recent call last):
ERR [20180429-15:12:00.846] thr=1   paramiko.transport:   File "C:\Users\live\Projects\Climiko\venv\lib\site-packages\paramiko\transport.py", line 1949, in run
ERR [20180429-15:12:00.846] thr=1   paramiko.transport:     handler(self.auth_handler, m)
ERR [20180429-15:12:00.846] thr=1   paramiko.transport:   File "C:\Users\live\Projects\Climiko\venv\lib\site-packages\paramiko\auth_handler.py", line 520, in _parse_userauth_request
ERR [20180429-15:12:00.846] thr=1   paramiko.transport:     sshgss = GSSAuth(method)
ERR [20180429-15:12:00.846] thr=1   paramiko.transport:   File "C:\Users\live\Projects\Climiko\venv\lib\site-packages\paramiko\ssh_gss.py", line 96, in GSSAuth
ERR [20180429-15:12:00.846] thr=1   paramiko.transport:     raise ImportError("Unable to import a GSS-API / SSPI module!")
ERR [20180429-15:12:00.846] thr=1   paramiko.transport: ImportError: Unable to import a GSS-API / SSPI module!
ERR [20180429-15:12:00.846] thr=1   paramiko.transport: 
DEB [20180429-15:13:17.099] thr=1   paramiko.transport: starting thread (server mode): 0x5c32390
DEB [20180429-15:13:17.100] thr=1   paramiko.transport: Local version/idstring: SSH-2.0-paramiko_2.4.1
DEB [20180429-15:13:17.100] thr=1   paramiko.transport: Remote version/idstring: SSH-2.0-PuTTY_Release_0.67
INF [20180429-15:13:17.100] thr=1   paramiko.transport: Connected (version 2.0, client PuTTY_Release_0.67)
DEB [20180429-15:13:17.101] thr=1   paramiko.transport: kex algos:['diffie-hellman-group-exchange-sha256', 'diffie-hellman-group-exchange-sha1', 'diffie-hellman-group14-sha1', 'diffie-hellman-group1-sha1', 'rsa2048-sha256', 'rsa1024-sha1'] server key:['ssh-rsa', 'ssh-dss'] client encrypt:['aes256-ctr', 'aes256-cbc', 'rijndael-cbc@lysator.liu.se', 'aes192-ctr', 'aes192-cbc', 'aes128-ctr', 'aes128-cbc', 'blowfish-ctr', 'blowfish-cbc', '3des-ctr', '3des-cbc', 'arcfour256', 'arcfour128'] server encrypt:['aes256-ctr', 'aes256-cbc', 'rijndael-cbc@lysator.liu.se', 'aes192-ctr', 'aes192-cbc', 'aes128-ctr', 'aes128-cbc', 'blowfish-ctr', 'blowfish-cbc', '3des-ctr', '3des-cbc', 'arcfour256', 'arcfour128'] client mac:['hmac-sha2-256', 'hmac-sha1', 'hmac-sha1-96', 'hmac-md5'] server mac:['hmac-sha2-256', 'hmac-sha1', 'hmac-sha1-96', 'hmac-md5'] client compress:['none', 'zlib'] server compress:['none', 'zlib'] client lang:[''] server lang:[''] kex follows?False
DEB [20180429-15:13:17.101] thr=1   paramiko.transport: Kex agreed: diffie-hellman-group14-sha1
DEB [20180429-15:13:17.101] thr=1   paramiko.transport: HostKey agreed: ssh-rsa
DEB [20180429-15:13:17.101] thr=1   paramiko.transport: Cipher agreed: aes256-ctr
DEB [20180429-15:13:17.101] thr=1   paramiko.transport: MAC agreed: hmac-sha2-256
DEB [20180429-15:13:17.101] thr=1   paramiko.transport: Compression agreed: none
DEB [20180429-15:13:17.213] thr=1   paramiko.transport: kex engine KexGroup14 specified hash_algo <built-in function openssl_sha1>
DEB [20180429-15:13:17.238] thr=1   paramiko.transport: Switch to new keys ...
DEB [20180429-15:13:17.240] thr=1   paramiko.transport: Auth request (type=none) service=ssh-connection, username=robey
INF [20180429-15:13:17.240] thr=1   paramiko.transport: Auth rejected (none).
DEB [20180429-15:13:17.240] thr=1   paramiko.transport: Auth request (type=publickey) service=ssh-connection, username=robey
INF [20180429-15:13:17.241] thr=1   paramiko.transport: Auth rejected (publickey).
DEB [20180429-15:13:17.241] thr=1   paramiko.transport: Auth request (type=gssapi-with-mic) service=ssh-connection, username=robey
ERR [20180429-15:13:17.241] thr=1   paramiko.transport: Unknown exception: Unable to import a GSS-API / SSPI module!
ERR [20180429-15:13:17.243] thr=1   paramiko.transport: Traceback (most recent call last):
ERR [20180429-15:13:17.243] thr=1   paramiko.transport:   File "C:\Users\live\Projects\Climiko\venv\lib\site-packages\paramiko\transport.py", line 1949, in run
ERR [20180429-15:13:17.243] thr=1   paramiko.transport:     handler(self.auth_handler, m)
ERR [20180429-15:13:17.243] thr=1   paramiko.transport:   File "C:\Users\live\Projects\Climiko\venv\lib\site-packages\paramiko\auth_handler.py", line 520, in _parse_userauth_request
ERR [20180429-15:13:17.243] thr=1   paramiko.transport:     sshgss = GSSAuth(method)
ERR [20180429-15:13:17.243] thr=1   paramiko.transport:   File "C:\Users\live\Projects\Climiko\venv\lib\site-packages\paramiko\ssh_gss.py", line 96, in GSSAuth
ERR [20180429-15:13:17.243] thr=1   paramiko.transport:     raise ImportError("Unable to import a GSS-API / SSPI module!")
ERR [20180429-15:13:17.243] thr=1   paramiko.transport: ImportError: Unable to import a GSS-API / SSPI module!
ERR [20180429-15:13:17.243] thr=1   paramiko.transport: 
DEB [20180429-15:16:38.047] thr=1   paramiko.transport: starting thread (server mode): 0x52b3390
DEB [20180429-15:16:38.048] thr=1   paramiko.transport: Local version/idstring: SSH-2.0-paramiko_2.4.1
DEB [20180429-15:16:38.048] thr=1   paramiko.transport: Remote version/idstring: SSH-2.0-PuTTY_Release_0.67
INF [20180429-15:16:38.048] thr=1   paramiko.transport: Connected (version 2.0, client PuTTY_Release_0.67)
DEB [20180429-15:16:38.049] thr=1   paramiko.transport: kex algos:['diffie-hellman-group-exchange-sha256', 'diffie-hellman-group-exchange-sha1', 'diffie-hellman-group14-sha1', 'diffie-hellman-group1-sha1', 'rsa2048-sha256', 'rsa1024-sha1'] server key:['ssh-rsa', 'ssh-dss'] client encrypt:['aes256-ctr', 'aes256-cbc', 'rijndael-cbc@lysator.liu.se', 'aes192-ctr', 'aes192-cbc', 'aes128-ctr', 'aes128-cbc', 'blowfish-ctr', 'blowfish-cbc', '3des-ctr', '3des-cbc', 'arcfour256', 'arcfour128'] server encrypt:['aes256-ctr', 'aes256-cbc', 'rijndael-cbc@lysator.liu.se', 'aes192-ctr', 'aes192-cbc', 'aes128-ctr', 'aes128-cbc', 'blowfish-ctr', 'blowfish-cbc', '3des-ctr', '3des-cbc', 'arcfour256', 'arcfour128'] client mac:['hmac-sha2-256', 'hmac-sha1', 'hmac-sha1-96', 'hmac-md5'] server mac:['hmac-sha2-256', 'hmac-sha1', 'hmac-sha1-96', 'hmac-md5'] client compress:['none', 'zlib'] server compress:['none', 'zlib'] client lang:[''] server lang:[''] kex follows?False
DEB [20180429-15:16:38.049] thr=1   paramiko.transport: Kex agreed: diffie-hellman-group14-sha1
DEB [20180429-15:16:38.049] thr=1   paramiko.transport: HostKey agreed: ssh-rsa
DEB [20180429-15:16:38.049] thr=1   paramiko.transport: Cipher agreed: aes256-ctr
DEB [20180429-15:16:38.049] thr=1   paramiko.transport: MAC agreed: hmac-sha2-256
DEB [20180429-15:16:38.050] thr=1   paramiko.transport: Compression agreed: none
DEB [20180429-15:16:38.159] thr=1   paramiko.transport: kex engine KexGroup14 specified hash_algo <built-in function openssl_sha1>
DEB [20180429-15:16:38.183] thr=1   paramiko.transport: Switch to new keys ...
DEB [20180429-15:16:41.387] thr=1   paramiko.transport: Auth request (type=none) service=ssh-connection, username=robey
INF [20180429-15:16:41.387] thr=1   paramiko.transport: Auth rejected (none).
DEB [20180429-15:16:41.387] thr=1   paramiko.transport: Auth request (type=gssapi-with-mic) service=ssh-connection, username=robey
ERR [20180429-15:16:41.387] thr=1   paramiko.transport: Unknown exception: Unable to import a GSS-API / SSPI module!
ERR [20180429-15:16:41.389] thr=1   paramiko.transport: Traceback (most recent call last):
ERR [20180429-15:16:41.389] thr=1   paramiko.transport:   File "C:\Users\live\Projects\Climiko\venv\lib\site-packages\paramiko\transport.py", line 1949, in run
ERR [20180429-15:16:41.389] thr=1   paramiko.transport:     handler(self.auth_handler, m)
ERR [20180429-15:16:41.389] thr=1   paramiko.transport:   File "C:\Users\live\Projects\Climiko\venv\lib\site-packages\paramiko\auth_handler.py", line 520, in _parse_userauth_request
ERR [20180429-15:16:41.389] thr=1   paramiko.transport:     sshgss = GSSAuth(method)
ERR [20180429-15:16:41.389] thr=1   paramiko.transport:   File "C:\Users\live\Projects\Climiko\venv\lib\site-packages\paramiko\ssh_gss.py", line 96, in GSSAuth
ERR [20180429-15:16:41.389] thr=1   paramiko.transport:     raise ImportError("Unable to import a GSS-API / SSPI module!")
ERR [20180429-15:16:41.389] thr=1   paramiko.transport: ImportError: Unable to import a GSS-API / SSPI module!
ERR [20180429-15:16:41.389] thr=1   paramiko.transport: 
DEB [20180429-15:17:05.243] thr=1   paramiko.transport: starting thread (server mode): 0x5763350
DEB [20180429-15:17:05.244] thr=1   paramiko.transport: Local version/idstring: SSH-2.0-paramiko_2.4.1
DEB [20180429-15:17:05.244] thr=1   paramiko.transport: Remote version/idstring: SSH-2.0-PuTTY_Release_0.67
INF [20180429-15:17:05.245] thr=1   paramiko.transport: Connected (version 2.0, client PuTTY_Release_0.67)
DEB [20180429-15:17:05.246] thr=1   paramiko.transport: kex algos:['diffie-hellman-group-exchange-sha256', 'diffie-hellman-group-exchange-sha1', 'diffie-hellman-group14-sha1', 'diffie-hellman-group1-sha1', 'rsa2048-sha256', 'rsa1024-sha1'] server key:['ssh-rsa', 'ssh-dss'] client encrypt:['aes256-ctr', 'aes256-cbc', 'rijndael-cbc@lysator.liu.se', 'aes192-ctr', 'aes192-cbc', 'aes128-ctr', 'aes128-cbc', 'blowfish-ctr', 'blowfish-cbc', '3des-ctr', '3des-cbc', 'arcfour256', 'arcfour128'] server encrypt:['aes256-ctr', 'aes256-cbc', 'rijndael-cbc@lysator.liu.se', 'aes192-ctr', 'aes192-cbc', 'aes128-ctr', 'aes128-cbc', 'blowfish-ctr', 'blowfish-cbc', '3des-ctr', '3des-cbc', 'arcfour256', 'arcfour128'] client mac:['hmac-sha2-256', 'hmac-sha1', 'hmac-sha1-96', 'hmac-md5'] server mac:['hmac-sha2-256', 'hmac-sha1', 'hmac-sha1-96', 'hmac-md5'] client compress:['none', 'zlib'] server compress:['none', 'zlib'] client lang:[''] server lang:[''] kex follows?False
DEB [20180429-15:17:05.247] thr=1   paramiko.transport: Kex agreed: diffie-hellman-group14-sha1
DEB [20180429-15:17:05.247] thr=1   paramiko.transport: HostKey agreed: ssh-rsa
DEB [20180429-15:17:05.247] thr=1   paramiko.transport: Cipher agreed: aes256-ctr
DEB [20180429-15:17:05.247] thr=1   paramiko.transport: MAC agreed: hmac-sha2-256
DEB [20180429-15:17:05.248] thr=1   paramiko.transport: Compression agreed: none
DEB [20180429-15:17:05.372] thr=1   paramiko.transport: kex engine KexGroup14 specified hash_algo <built-in function openssl_sha1>
DEB [20180429-15:17:05.397] thr=1   paramiko.transport: Switch to new keys ...
DEB [20180429-15:17:05.398] thr=1   paramiko.transport: Auth request (type=none) service=ssh-connection, username=robey
INF [20180429-15:17:05.398] thr=1   paramiko.transport: Auth rejected (none).
DEB [20180429-15:17:05.399] thr=1   paramiko.transport: Auth request (type=gssapi-with-mic) service=ssh-connection, username=robey
ERR [20180429-15:17:05.399] thr=1   paramiko.transport: Unknown exception: Unable to import a GSS-API / SSPI module!
ERR [20180429-15:17:05.400] thr=1   paramiko.transport: Traceback (most recent call last):
ERR [20180429-15:17:05.400] thr=1   paramiko.transport:   File "C:\Users\live\Projects\Climiko\venv\lib\site-packages\paramiko\transport.py", line 1949, in run
ERR [20180429-15:17:05.400] thr=1   paramiko.transport:     handler(self.auth_handler, m)
ERR [20180429-15:17:05.400] thr=1   paramiko.transport:   File "C:\Users\live\Projects\Climiko\venv\lib\site-packages\paramiko\auth_handler.py", line 520, in _parse_userauth_request
ERR [20180429-15:17:05.400] thr=1   paramiko.transport:     sshgss = GSSAuth(method)
ERR [20180429-15:17:05.400] thr=1   paramiko.transport:   File "C:\Users\live\Projects\Climiko\venv\lib\site-packages\paramiko\ssh_gss.py", line 96, in GSSAuth
ERR [20180429-15:17:05.401] thr=1   paramiko.transport:     raise ImportError("Unable to import a GSS-API / SSPI module!")
ERR [20180429-15:17:05.401] thr=1   paramiko.transport: ImportError: Unable to import a GSS-API / SSPI module!
ERR [20180429-15:17:05.401] thr=1   paramiko.transport: 
DEB [20180429-15:17:27.383] thr=1   paramiko.transport: starting thread (server mode): 0x5532390
DEB [20180429-15:17:27.384] thr=1   paramiko.transport: Local version/idstring: SSH-2.0-paramiko_2.4.1
DEB [20180429-15:17:27.384] thr=1   paramiko.transport: Remote version/idstring: SSH-2.0-PuTTY_Release_0.67
INF [20180429-15:17:27.384] thr=1   paramiko.transport: Connected (version 2.0, client PuTTY_Release_0.67)
DEB [20180429-15:17:27.385] thr=1   paramiko.transport: kex algos:['diffie-hellman-group-exchange-sha256', 'diffie-hellman-group-exchange-sha1', 'diffie-hellman-group14-sha1', 'diffie-hellman-group1-sha1', 'rsa2048-sha256', 'rsa1024-sha1'] server key:['ssh-rsa', 'ssh-dss'] client encrypt:['aes256-ctr', 'aes256-cbc', 'rijndael-cbc@lysator.liu.se', 'aes192-ctr', 'aes192-cbc', 'aes128-ctr', 'aes128-cbc', 'blowfish-ctr', 'blowfish-cbc', '3des-ctr', '3des-cbc', 'arcfour256', 'arcfour128'] server encrypt:['aes256-ctr', 'aes256-cbc', 'rijndael-cbc@lysator.liu.se', 'aes192-ctr', 'aes192-cbc', 'aes128-ctr', 'aes128-cbc', 'blowfish-ctr', 'blowfish-cbc', '3des-ctr', '3des-cbc', 'arcfour256', 'arcfour128'] client mac:['hmac-sha2-256', 'hmac-sha1', 'hmac-sha1-96', 'hmac-md5'] server mac:['hmac-sha2-256', 'hmac-sha1', 'hmac-sha1-96', 'hmac-md5'] client compress:['none', 'zlib'] server compress:['none', 'zlib'] client lang:[''] server lang:[''] kex follows?False
DEB [20180429-15:17:27.385] thr=1   paramiko.transport: Kex agreed: diffie-hellman-group14-sha1
DEB [20180429-15:17:27.385] thr=1   paramiko.transport: HostKey agreed: ssh-rsa
DEB [20180429-15:17:27.385] thr=1   paramiko.transport: Cipher agreed: aes256-ctr
DEB [20180429-15:17:27.385] thr=1   paramiko.transport: MAC agreed: hmac-sha2-256
DEB [20180429-15:17:27.385] thr=1   paramiko.transport: Compression agreed: none
DEB [20180429-15:17:27.499] thr=1   paramiko.transport: kex engine KexGroup14 specified hash_algo <built-in function openssl_sha1>
DEB [20180429-15:17:27.522] thr=1   paramiko.transport: Switch to new keys ...
DEB [20180429-15:17:27.524] thr=1   paramiko.transport: Auth request (type=none) service=ssh-connection, username=robey
INF [20180429-15:17:27.524] thr=1   paramiko.transport: Auth rejected (none).
DEB [20180429-15:17:27.524] thr=1   paramiko.transport: Auth request (type=gssapi-with-mic) service=ssh-connection, username=robey
ERR [20180429-15:17:27.524] thr=1   paramiko.transport: Unknown exception: Unable to import a GSS-API / SSPI module!
ERR [20180429-15:17:27.526] thr=1   paramiko.transport: Traceback (most recent call last):
ERR [20180429-15:17:27.526] thr=1   paramiko.transport:   File "C:\Users\live\Projects\Climiko\venv\lib\site-packages\paramiko\transport.py", line 1949, in run
ERR [20180429-15:17:27.526] thr=1   paramiko.transport:     handler(self.auth_handler, m)
ERR [20180429-15:17:27.526] thr=1   paramiko.transport:   File "C:\Users\live\Projects\Climiko\venv\lib\site-packages\paramiko\auth_handler.py", line 520, in _parse_userauth_request
ERR [20180429-15:17:27.526] thr=1   paramiko.transport:     sshgss = GSSAuth(method)
ERR [20180429-15:17:27.526] thr=1   paramiko.transport:   File "C:\Users\live\Projects\Climiko\venv\lib\site-packages\paramiko\ssh_gss.py", line 96, in GSSAuth
ERR [20180429-15:17:27.526] thr=1   paramiko.transport:     raise ImportError("Unable to import a GSS-API / SSPI module!")
ERR [20180429-15:17:27.526] thr=1   paramiko.transport: ImportError: Unable to import a GSS-API / SSPI module!
ERR [20180429-15:17:27.526] thr=1   paramiko.transport: 
DEB [20180429-15:20:23.167] thr=1   paramiko.transport: starting thread (server mode): 0x52a3410
DEB [20180429-15:20:23.168] thr=1   paramiko.transport: Local version/idstring: SSH-2.0-paramiko_2.4.1
DEB [20180429-15:20:23.168] thr=1   paramiko.transport: Remote version/idstring: SSH-2.0-PuTTY_Release_0.67
INF [20180429-15:20:23.168] thr=1   paramiko.transport: Connected (version 2.0, client PuTTY_Release_0.67)
DEB [20180429-15:20:23.169] thr=1   paramiko.transport: kex algos:['diffie-hellman-group-exchange-sha256', 'diffie-hellman-group-exchange-sha1', 'diffie-hellman-group14-sha1', 'diffie-hellman-group1-sha1', 'rsa2048-sha256', 'rsa1024-sha1'] server key:['ssh-rsa', 'ssh-dss'] client encrypt:['aes256-ctr', 'aes256-cbc', 'rijndael-cbc@lysator.liu.se', 'aes192-ctr', 'aes192-cbc', 'aes128-ctr', 'aes128-cbc', 'blowfish-ctr', 'blowfish-cbc', '3des-ctr', '3des-cbc', 'arcfour256', 'arcfour128'] server encrypt:['aes256-ctr', 'aes256-cbc', 'rijndael-cbc@lysator.liu.se', 'aes192-ctr', 'aes192-cbc', 'aes128-ctr', 'aes128-cbc', 'blowfish-ctr', 'blowfish-cbc', '3des-ctr', '3des-cbc', 'arcfour256', 'arcfour128'] client mac:['hmac-sha2-256', 'hmac-sha1', 'hmac-sha1-96', 'hmac-md5'] server mac:['hmac-sha2-256', 'hmac-sha1', 'hmac-sha1-96', 'hmac-md5'] client compress:['none', 'zlib'] server compress:['none', 'zlib'] client lang:[''] server lang:[''] kex follows?False
DEB [20180429-15:20:23.169] thr=1   paramiko.transport: Kex agreed: diffie-hellman-group14-sha1
DEB [20180429-15:20:23.169] thr=1   paramiko.transport: HostKey agreed: ssh-rsa
DEB [20180429-15:20:23.169] thr=1   paramiko.transport: Cipher agreed: aes256-ctr
DEB [20180429-15:20:23.169] thr=1   paramiko.transport: MAC agreed: hmac-sha2-256
DEB [20180429-15:20:23.169] thr=1   paramiko.transport: Compression agreed: none
DEB [20180429-15:20:23.282] thr=1   paramiko.transport: kex engine KexGroup14 specified hash_algo <built-in function openssl_sha1>
DEB [20180429-15:20:23.305] thr=1   paramiko.transport: Switch to new keys ...
DEB [20180429-15:20:23.307] thr=1   paramiko.transport: Auth request (type=none) service=ssh-connection, username=robey
INF [20180429-15:20:23.307] thr=1   paramiko.transport: Auth rejected (none).
DEB [20180429-15:20:23.307] thr=1   paramiko.transport: Auth request (type=gssapi-with-mic) service=ssh-connection, username=robey
ERR [20180429-15:20:23.307] thr=1   paramiko.transport: Unknown exception: Unable to import a GSS-API / SSPI module!
ERR [20180429-15:20:23.309] thr=1   paramiko.transport: Traceback (most recent call last):
ERR [20180429-15:20:23.309] thr=1   paramiko.transport:   File "C:\Users\live\Projects\Climiko\venv\lib\site-packages\paramiko\transport.py", line 1949, in run
ERR [20180429-15:20:23.309] thr=1   paramiko.transport:     handler(self.auth_handler, m)
ERR [20180429-15:20:23.309] thr=1   paramiko.transport:   File "C:\Users\live\Projects\Climiko\venv\lib\site-packages\paramiko\auth_handler.py", line 520, in _parse_userauth_request
ERR [20180429-15:20:23.309] thr=1   paramiko.transport:     sshgss = GSSAuth(method)
ERR [20180429-15:20:23.309] thr=1   paramiko.transport:   File "C:\Users\live\Projects\Climiko\venv\lib\site-packages\paramiko\ssh_gss.py", line 96, in GSSAuth
ERR [20180429-15:20:23.309] thr=1   paramiko.transport:     raise ImportError("Unable to import a GSS-API / SSPI module!")
ERR [20180429-15:20:23.309] thr=1   paramiko.transport: ImportError: Unable to import a GSS-API / SSPI module!
ERR [20180429-15:20:23.310] thr=1   paramiko.transport: 
DEB [20180429-15:22:12.143] thr=1   paramiko.transport: starting thread (server mode): 0x56343d0
DEB [20180429-15:22:12.144] thr=1   paramiko.transport: Local version/idstring: SSH-2.0-paramiko_2.4.1
DEB [20180429-15:22:12.144] thr=1   paramiko.transport: Remote version/idstring: SSH-2.0-PuTTY_Release_0.67
INF [20180429-15:22:12.144] thr=1   paramiko.transport: Connected (version 2.0, client PuTTY_Release_0.67)
DEB [20180429-15:22:12.145] thr=1   paramiko.transport: kex algos:['diffie-hellman-group-exchange-sha256', 'diffie-hellman-group-exchange-sha1', 'diffie-hellman-group14-sha1', 'diffie-hellman-group1-sha1', 'rsa2048-sha256', 'rsa1024-sha1'] server key:['ssh-rsa', 'ssh-dss'] client encrypt:['aes256-ctr', 'aes256-cbc', 'rijndael-cbc@lysator.liu.se', 'aes192-ctr', 'aes192-cbc', 'aes128-ctr', 'aes128-cbc', 'blowfish-ctr', 'blowfish-cbc', '3des-ctr', '3des-cbc', 'arcfour256', 'arcfour128'] server encrypt:['aes256-ctr', 'aes256-cbc', 'rijndael-cbc@lysator.liu.se', 'aes192-ctr', 'aes192-cbc', 'aes128-ctr', 'aes128-cbc', 'blowfish-ctr', 'blowfish-cbc', '3des-ctr', '3des-cbc', 'arcfour256', 'arcfour128'] client mac:['hmac-sha2-256', 'hmac-sha1', 'hmac-sha1-96', 'hmac-md5'] server mac:['hmac-sha2-256', 'hmac-sha1', 'hmac-sha1-96', 'hmac-md5'] client compress:['none', 'zlib'] server compress:['none', 'zlib'] client lang:[''] server lang:[''] kex follows?False
DEB [20180429-15:22:12.146] thr=1   paramiko.transport: Kex agreed: diffie-hellman-group14-sha1
DEB [20180429-15:22:12.146] thr=1   paramiko.transport: HostKey agreed: ssh-rsa
DEB [20180429-15:22:12.146] thr=1   paramiko.transport: Cipher agreed: aes256-ctr
DEB [20180429-15:22:12.146] thr=1   paramiko.transport: MAC agreed: hmac-sha2-256
DEB [20180429-15:22:12.147] thr=1   paramiko.transport: Compression agreed: none
DEB [20180429-15:22:12.284] thr=1   paramiko.transport: kex engine KexGroup14 specified hash_algo <built-in function openssl_sha1>
DEB [20180429-15:22:12.307] thr=1   paramiko.transport: Switch to new keys ...
DEB [20180429-15:22:12.309] thr=1   paramiko.transport: Auth request (type=none) service=ssh-connection, username=robey
INF [20180429-15:22:12.309] thr=1   paramiko.transport: Auth rejected (none).
DEB [20180429-15:22:17.654] thr=1   paramiko.transport: Auth request (type=password) service=ssh-connection, username=robey
INF [20180429-15:22:17.654] thr=1   paramiko.transport: Auth granted (password).
DEB [20180429-15:22:17.654] thr=1   paramiko.transport: [chan 0] Max packet in: 32768 bytes
DEB [20180429-15:22:17.654] thr=1   paramiko.transport: [chan 0] Max packet out: 16384 bytes
DEB [20180429-15:22:17.654] thr=1   paramiko.transport: Secsh channel 0 (session) opened.
DEB [20180429-16:02:01.171] thr=2   paramiko.transport: [chan 0] EOF sent (0)
DEB [20180429-16:02:01.172] thr=1   paramiko.transport: EOF in transport thread
DEB [20180429-16:02:19.694] thr=1   paramiko.transport: starting thread (server mode): 0x5463410
DEB [20180429-16:02:19.695] thr=1   paramiko.transport: Local version/idstring: SSH-2.0-paramiko_2.4.1
DEB [20180429-16:02:19.695] thr=1   paramiko.transport: Remote version/idstring: SSH-2.0-PuTTY_Release_0.67
INF [20180429-16:02:19.695] thr=1   paramiko.transport: Connected (version 2.0, client PuTTY_Release_0.67)
DEB [20180429-16:02:19.697] thr=1   paramiko.transport: kex algos:['diffie-hellman-group-exchange-sha256', 'diffie-hellman-group-exchange-sha1', 'diffie-hellman-group14-sha1', 'diffie-hellman-group1-sha1', 'rsa2048-sha256', 'rsa1024-sha1'] server key:['ssh-rsa', 'ssh-dss'] client encrypt:['aes256-ctr', 'aes256-cbc', 'rijndael-cbc@lysator.liu.se', 'aes192-ctr', 'aes192-cbc', 'aes128-ctr', 'aes128-cbc', 'blowfish-ctr', 'blowfish-cbc', '3des-ctr', '3des-cbc', 'arcfour256', 'arcfour128'] server encrypt:['aes256-ctr', 'aes256-cbc', 'rijndael-cbc@lysator.liu.se', 'aes192-ctr', 'aes192-cbc', 'aes128-ctr', 'aes128-cbc', 'blowfish-ctr', 'blowfish-cbc', '3des-ctr', '3des-cbc', 'arcfour256', 'arcfour128'] client mac:['hmac-sha2-256', 'hmac-sha1', 'hmac-sha1-96', 'hmac-md5'] server mac:['hmac-sha2-256', 'hmac-sha1', 'hmac-sha1-96', 'hmac-md5'] client compress:['none', 'zlib'] server compress:['none', 'zlib'] client lang:[''] server lang:[''] kex follows?False
DEB [20180429-16:02:19.697] thr=1   paramiko.transport: Kex agreed: diffie-hellman-group14-sha1
DEB [20180429-16:02:19.697] thr=1   paramiko.transport: HostKey agreed: ssh-rsa
DEB [20180429-16:02:19.697] thr=1   paramiko.transport: Cipher agreed: aes256-ctr
DEB [20180429-16:02:19.697] thr=1   paramiko.transport: MAC agreed: hmac-sha2-256
DEB [20180429-16:02:19.697] thr=1   paramiko.transport: Compression agreed: none
DEB [20180429-16:02:19.817] thr=1   paramiko.transport: kex engine KexGroup14 specified hash_algo <built-in function openssl_sha1>
DEB [20180429-16:02:19.840] thr=1   paramiko.transport: Switch to new keys ...
DEB [20180429-16:02:19.843] thr=1   paramiko.transport: Auth request (type=none) service=ssh-connection, username=robey
INF [20180429-16:02:19.843] thr=1   paramiko.transport: Auth rejected (none).
DEB [20180429-16:02:19.843] thr=1   paramiko.transport: Auth request (type=publickey) service=ssh-connection, username=robey
INF [20180429-16:02:19.843] thr=1   paramiko.transport: Auth rejected (publickey).
DEB [20180429-16:02:23.842] thr=1   paramiko.transport: Auth request (type=password) service=ssh-connection, username=robey
INF [20180429-16:02:23.842] thr=1   paramiko.transport: Auth granted (password).
DEB [20180429-16:02:23.842] thr=1   paramiko.transport: [chan 0] Max packet in: 32768 bytes
DEB [20180429-16:02:23.842] thr=1   paramiko.transport: [chan 0] Max packet out: 16384 bytes
DEB [20180429-16:02:23.843] thr=1   paramiko.transport: Secsh channel 0 (session) opened.
DEB [20180429-16:02:25.393] thr=2   paramiko.transport: [chan 0] EOF sent (0)
DEB [20180429-16:02:25.394] thr=1   paramiko.transport: [chan 0] EOF received (0)
DEB [20180429-16:06:46.712] thr=1   paramiko.transport: starting thread (server mode): 0x5a033d0
DEB [20180429-16:06:46.713] thr=1   paramiko.transport: Local version/idstring: SSH-2.0-paramiko_2.4.1
DEB [20180429-16:06:46.713] thr=1   paramiko.transport: Remote version/idstring: SSH-2.0-PuTTY_Release_0.67
INF [20180429-16:06:46.713] thr=1   paramiko.transport: Connected (version 2.0, client PuTTY_Release_0.67)
DEB [20180429-16:06:46.714] thr=1   paramiko.transport: kex algos:['diffie-hellman-group-exchange-sha256', 'diffie-hellman-group-exchange-sha1', 'diffie-hellman-group14-sha1', 'diffie-hellman-group1-sha1', 'rsa2048-sha256', 'rsa1024-sha1'] server key:['ssh-rsa', 'ssh-dss'] client encrypt:['aes256-ctr', 'aes256-cbc', 'rijndael-cbc@lysator.liu.se', 'aes192-ctr', 'aes192-cbc', 'aes128-ctr', 'aes128-cbc', 'blowfish-ctr', 'blowfish-cbc', '3des-ctr', '3des-cbc', 'arcfour256', 'arcfour128'] server encrypt:['aes256-ctr', 'aes256-cbc', 'rijndael-cbc@lysator.liu.se', 'aes192-ctr', 'aes192-cbc', 'aes128-ctr', 'aes128-cbc', 'blowfish-ctr', 'blowfish-cbc', '3des-ctr', '3des-cbc', 'arcfour256', 'arcfour128'] client mac:['hmac-sha2-256', 'hmac-sha1', 'hmac-sha1-96', 'hmac-md5'] server mac:['hmac-sha2-256', 'hmac-sha1', 'hmac-sha1-96', 'hmac-md5'] client compress:['none', 'zlib'] server compress:['none', 'zlib'] client lang:[''] server lang:[''] kex follows?False
DEB [20180429-16:06:46.714] thr=1   paramiko.transport: Kex agreed: diffie-hellman-group14-sha1
DEB [20180429-16:06:46.714] thr=1   paramiko.transport: HostKey agreed: ssh-rsa
DEB [20180429-16:06:46.714] thr=1   paramiko.transport: Cipher agreed: aes256-ctr
DEB [20180429-16:06:46.714] thr=1   paramiko.transport: MAC agreed: hmac-sha2-256
DEB [20180429-16:06:46.714] thr=1   paramiko.transport: Compression agreed: none
DEB [20180429-16:06:46.832] thr=1   paramiko.transport: kex engine KexGroup14 specified hash_algo <built-in function openssl_sha1>
DEB [20180429-16:06:46.855] thr=1   paramiko.transport: Switch to new keys ...
DEB [20180429-16:06:50.728] thr=1   paramiko.transport: Auth request (type=none) service=ssh-connection, username=robey
INF [20180429-16:06:50.728] thr=1   paramiko.transport: Auth rejected (none).
DEB [20180429-16:06:52.873] thr=1   paramiko.transport: Auth request (type=password) service=ssh-connection, username=robey
INF [20180429-16:06:52.873] thr=1   paramiko.transport: Auth granted (password).
DEB [20180429-16:06:52.873] thr=1   paramiko.transport: [chan 0] Max packet in: 32768 bytes
DEB [20180429-16:06:52.874] thr=1   paramiko.transport: [chan 0] Max packet out: 16384 bytes
DEB [20180429-16:06:52.874] thr=1   paramiko.transport: Secsh channel 0 (session) opened.
DEB [20180429-16:06:53.913] thr=1   paramiko.transport: EOF in transport thread
DEB [20180429-16:07:34.469] thr=1   paramiko.transport: starting thread (server mode): 0x58443b0
DEB [20180429-16:07:34.470] thr=1   paramiko.transport: Local version/idstring: SSH-2.0-paramiko_2.4.1
DEB [20180429-16:07:34.470] thr=1   paramiko.transport: Remote version/idstring: SSH-2.0-PuTTY_Release_0.67
INF [20180429-16:07:34.470] thr=1   paramiko.transport: Connected (version 2.0, client PuTTY_Release_0.67)
DEB [20180429-16:07:34.470] thr=1   paramiko.transport: kex algos:['diffie-hellman-group-exchange-sha256', 'diffie-hellman-group-exchange-sha1', 'diffie-hellman-group14-sha1', 'diffie-hellman-group1-sha1', 'rsa2048-sha256', 'rsa1024-sha1'] server key:['ssh-rsa', 'ssh-dss'] client encrypt:['aes256-ctr', 'aes256-cbc', 'rijndael-cbc@lysator.liu.se', 'aes192-ctr', 'aes192-cbc', 'aes128-ctr', 'aes128-cbc', 'blowfish-ctr', 'blowfish-cbc', '3des-ctr', '3des-cbc', 'arcfour256', 'arcfour128'] server encrypt:['aes256-ctr', 'aes256-cbc', 'rijndael-cbc@lysator.liu.se', 'aes192-ctr', 'aes192-cbc', 'aes128-ctr', 'aes128-cbc', 'blowfish-ctr', 'blowfish-cbc', '3des-ctr', '3des-cbc', 'arcfour256', 'arcfour128'] client mac:['hmac-sha2-256', 'hmac-sha1', 'hmac-sha1-96', 'hmac-md5'] server mac:['hmac-sha2-256', 'hmac-sha1', 'hmac-sha1-96', 'hmac-md5'] client compress:['none', 'zlib'] server compress:['none', 'zlib'] client lang:[''] server lang:[''] kex follows?False
DEB [20180429-16:07:34.471] thr=1   paramiko.transport: Kex agreed: diffie-hellman-group14-sha1
DEB [20180429-16:07:34.471] thr=1   paramiko.transport: HostKey agreed: ssh-rsa
DEB [20180429-16:07:34.471] thr=1   paramiko.transport: Cipher agreed: aes256-ctr
DEB [20180429-16:07:34.471] thr=1   paramiko.transport: MAC agreed: hmac-sha2-256
DEB [20180429-16:07:34.471] thr=1   paramiko.transport: Compression agreed: none
DEB [20180429-16:07:34.582] thr=1   paramiko.transport: kex engine KexGroup14 specified hash_algo <built-in function openssl_sha1>
DEB [20180429-16:07:34.607] thr=1   paramiko.transport: Switch to new keys ...
DEB [20180429-16:07:37.094] thr=1   paramiko.transport: Auth request (type=none) service=ssh-connection, username=robey
INF [20180429-16:07:37.094] thr=1   paramiko.transport: Auth rejected (none).
DEB [20180429-16:07:38.930] thr=1   paramiko.transport: Auth request (type=password) service=ssh-connection, username=robey
INF [20180429-16:07:38.930] thr=1   paramiko.transport: Auth granted (password).
DEB [20180429-16:07:38.931] thr=1   paramiko.transport: [chan 0] Max packet in: 32768 bytes
DEB [20180429-16:07:38.931] thr=1   paramiko.transport: [chan 0] Max packet out: 16384 bytes
DEB [20180429-16:07:38.931] thr=1   paramiko.transport: Secsh channel 0 (session) opened.
DEB [20180429-16:07:39.523] thr=2   paramiko.transport: [chan 0] EOF sent (0)
DEB [20180429-16:07:39.523] thr=1   paramiko.transport: EOF in transport thread
DEB [20180429-16:09:16.872] thr=1   paramiko.transport: starting thread (server mode): 0x56c43f0
DEB [20180429-16:09:16.872] thr=1   paramiko.transport: Local version/idstring: SSH-2.0-paramiko_2.4.1
DEB [20180429-16:09:16.872] thr=1   paramiko.transport: Remote version/idstring: SSH-2.0-PuTTY_Release_0.67
INF [20180429-16:09:16.872] thr=1   paramiko.transport: Connected (version 2.0, client PuTTY_Release_0.67)
DEB [20180429-16:09:16.873] thr=1   paramiko.transport: kex algos:['diffie-hellman-group-exchange-sha256', 'diffie-hellman-group-exchange-sha1', 'diffie-hellman-group14-sha1', 'diffie-hellman-group1-sha1', 'rsa2048-sha256', 'rsa1024-sha1'] server key:['ssh-rsa', 'ssh-dss'] client encrypt:['aes256-ctr', 'aes256-cbc', 'rijndael-cbc@lysator.liu.se', 'aes192-ctr', 'aes192-cbc', 'aes128-ctr', 'aes128-cbc', 'blowfish-ctr', 'blowfish-cbc', '3des-ctr', '3des-cbc', 'arcfour256', 'arcfour128'] server encrypt:['aes256-ctr', 'aes256-cbc', 'rijndael-cbc@lysator.liu.se', 'aes192-ctr', 'aes192-cbc', 'aes128-ctr', 'aes128-cbc', 'blowfish-ctr', 'blowfish-cbc', '3des-ctr', '3des-cbc', 'arcfour256', 'arcfour128'] client mac:['hmac-sha2-256', 'hmac-sha1', 'hmac-sha1-96', 'hmac-md5'] server mac:['hmac-sha2-256', 'hmac-sha1', 'hmac-sha1-96', 'hmac-md5'] client compress:['none', 'zlib'] server compress:['none', 'zlib'] client lang:[''] server lang:[''] kex follows?False
DEB [20180429-16:09:16.873] thr=1   paramiko.transport: Kex agreed: diffie-hellman-group14-sha1
DEB [20180429-16:09:16.873] thr=1   paramiko.transport: HostKey agreed: ssh-rsa
DEB [20180429-16:09:16.874] thr=1   paramiko.transport: Cipher agreed: aes256-ctr
DEB [20180429-16:09:16.874] thr=1   paramiko.transport: MAC agreed: hmac-sha2-256
DEB [20180429-16:09:16.874] thr=1   paramiko.transport: Compression agreed: none
DEB [20180429-16:09:16.993] thr=1   paramiko.transport: kex engine KexGroup14 specified hash_algo <built-in function openssl_sha1>
DEB [20180429-16:09:17.017] thr=1   paramiko.transport: Switch to new keys ...
DEB [20180429-16:09:17.019] thr=1   paramiko.transport: Auth request (type=none) service=ssh-connection, username=robey
INF [20180429-16:09:17.019] thr=1   paramiko.transport: Auth rejected (none).
DEB [20180429-16:09:21.502] thr=1   paramiko.transport: Auth request (type=password) service=ssh-connection, username=robey
INF [20180429-16:09:21.502] thr=1   paramiko.transport: Auth granted (password).
DEB [20180429-16:09:21.503] thr=1   paramiko.transport: [chan 0] Max packet in: 32768 bytes
DEB [20180429-16:09:21.503] thr=1   paramiko.transport: [chan 0] Max packet out: 16384 bytes
DEB [20180429-16:09:21.503] thr=1   paramiko.transport: Secsh channel 0 (session) opened.
DEB [20180429-16:09:22.328] thr=2   paramiko.transport: [chan 0] EOF sent (0)
DEB [20180429-16:09:22.329] thr=1   paramiko.transport: [chan 0] EOF received (0)
DEB [20180429-16:09:42.142] thr=1   paramiko.transport: starting thread (server mode): 0x55f33d0
DEB [20180429-16:09:42.143] thr=1   paramiko.transport: Local version/idstring: SSH-2.0-paramiko_2.4.1
DEB [20180429-16:09:42.143] thr=1   paramiko.transport: Remote version/idstring: SSH-2.0-PuTTY_Release_0.67
INF [20180429-16:09:42.143] thr=1   paramiko.transport: Connected (version 2.0, client PuTTY_Release_0.67)
DEB [20180429-16:09:42.144] thr=1   paramiko.transport: kex algos:['diffie-hellman-group-exchange-sha256', 'diffie-hellman-group-exchange-sha1', 'diffie-hellman-group14-sha1', 'diffie-hellman-group1-sha1', 'rsa2048-sha256', 'rsa1024-sha1'] server key:['ssh-rsa', 'ssh-dss'] client encrypt:['aes256-ctr', 'aes256-cbc', 'rijndael-cbc@lysator.liu.se', 'aes192-ctr', 'aes192-cbc', 'aes128-ctr', 'aes128-cbc', 'blowfish-ctr', 'blowfish-cbc', '3des-ctr', '3des-cbc', 'arcfour256', 'arcfour128'] server encrypt:['aes256-ctr', 'aes256-cbc', 'rijndael-cbc@lysator.liu.se', 'aes192-ctr', 'aes192-cbc', 'aes128-ctr', 'aes128-cbc', 'blowfish-ctr', 'blowfish-cbc', '3des-ctr', '3des-cbc', 'arcfour256', 'arcfour128'] client mac:['hmac-sha2-256', 'hmac-sha1', 'hmac-sha1-96', 'hmac-md5'] server mac:['hmac-sha2-256', 'hmac-sha1', 'hmac-sha1-96', 'hmac-md5'] client compress:['none', 'zlib'] server compress:['none', 'zlib'] client lang:[''] server lang:[''] kex follows?False
DEB [20180429-16:09:42.144] thr=1   paramiko.transport: Kex agreed: diffie-hellman-group14-sha1
DEB [20180429-16:09:42.144] thr=1   paramiko.transport: HostKey agreed: ssh-rsa
DEB [20180429-16:09:42.145] thr=1   paramiko.transport: Cipher agreed: aes256-ctr
DEB [20180429-16:09:42.145] thr=1   paramiko.transport: MAC agreed: hmac-sha2-256
DEB [20180429-16:09:42.145] thr=1   paramiko.transport: Compression agreed: none
DEB [20180429-16:09:42.253] thr=1   paramiko.transport: kex engine KexGroup14 specified hash_algo <built-in function openssl_sha1>
DEB [20180429-16:09:42.277] thr=1   paramiko.transport: Switch to new keys ...
DEB [20180429-16:09:42.278] thr=1   paramiko.transport: Auth request (type=none) service=ssh-connection, username=robey
INF [20180429-16:09:42.279] thr=1   paramiko.transport: Auth rejected (none).
DEB [20180429-16:09:43.981] thr=1   paramiko.transport: Auth request (type=password) service=ssh-connection, username=robey
INF [20180429-16:09:43.981] thr=1   paramiko.transport: Auth granted (password).
DEB [20180429-16:09:43.982] thr=1   paramiko.transport: [chan 0] Max packet in: 32768 bytes
DEB [20180429-16:09:43.982] thr=1   paramiko.transport: [chan 0] Max packet out: 16384 bytes
DEB [20180429-16:09:43.982] thr=1   paramiko.transport: Secsh channel 0 (session) opened.
DEB [20180429-16:09:46.322] thr=2   paramiko.transport: [chan 0] EOF sent (0)
DEB [20180429-16:09:46.322] thr=1   paramiko.transport: EOF in transport thread
DEB [20180429-16:10:29.766] thr=1   paramiko.transport: starting thread (server mode): 0x53a3410
DEB [20180429-16:10:29.767] thr=1   paramiko.transport: Local version/idstring: SSH-2.0-paramiko_2.4.1
DEB [20180429-16:10:29.767] thr=1   paramiko.transport: Remote version/idstring: SSH-2.0-PuTTY_Release_0.67
INF [20180429-16:10:29.767] thr=1   paramiko.transport: Connected (version 2.0, client PuTTY_Release_0.67)
DEB [20180429-16:10:29.768] thr=1   paramiko.transport: kex algos:['diffie-hellman-group-exchange-sha256', 'diffie-hellman-group-exchange-sha1', 'diffie-hellman-group14-sha1', 'diffie-hellman-group1-sha1', 'rsa2048-sha256', 'rsa1024-sha1'] server key:['ssh-rsa', 'ssh-dss'] client encrypt:['aes256-ctr', 'aes256-cbc', 'rijndael-cbc@lysator.liu.se', 'aes192-ctr', 'aes192-cbc', 'aes128-ctr', 'aes128-cbc', 'blowfish-ctr', 'blowfish-cbc', '3des-ctr', '3des-cbc', 'arcfour256', 'arcfour128'] server encrypt:['aes256-ctr', 'aes256-cbc', 'rijndael-cbc@lysator.liu.se', 'aes192-ctr', 'aes192-cbc', 'aes128-ctr', 'aes128-cbc', 'blowfish-ctr', 'blowfish-cbc', '3des-ctr', '3des-cbc', 'arcfour256', 'arcfour128'] client mac:['hmac-sha2-256', 'hmac-sha1', 'hmac-sha1-96', 'hmac-md5'] server mac:['hmac-sha2-256', 'hmac-sha1', 'hmac-sha1-96', 'hmac-md5'] client compress:['none', 'zlib'] server compress:['none', 'zlib'] client lang:[''] server lang:[''] kex follows?False
DEB [20180429-16:10:29.768] thr=1   paramiko.transport: Kex agreed: diffie-hellman-group14-sha1
DEB [20180429-16:10:29.768] thr=1   paramiko.transport: HostKey agreed: ssh-rsa
DEB [20180429-16:10:29.768] thr=1   paramiko.transport: Cipher agreed: aes256-ctr
DEB [20180429-16:10:29.768] thr=1   paramiko.transport: MAC agreed: hmac-sha2-256
DEB [20180429-16:10:29.769] thr=1   paramiko.transport: Compression agreed: none
DEB [20180429-16:10:29.878] thr=1   paramiko.transport: kex engine KexGroup14 specified hash_algo <built-in function openssl_sha1>
DEB [20180429-16:10:29.902] thr=1   paramiko.transport: Switch to new keys ...
DEB [20180429-16:10:29.904] thr=1   paramiko.transport: Auth request (type=none) service=ssh-connection, username=robey
INF [20180429-16:10:29.904] thr=1   paramiko.transport: Auth rejected (none).
DEB [20180429-16:10:32.675] thr=1   paramiko.transport: Auth request (type=password) service=ssh-connection, username=robey
INF [20180429-16:10:32.676] thr=1   paramiko.transport: Auth granted (password).
DEB [20180429-16:10:32.676] thr=1   paramiko.transport: [chan 0] Max packet in: 32768 bytes
DEB [20180429-16:10:32.676] thr=1   paramiko.transport: [chan 0] Max packet out: 16384 bytes
DEB [20180429-16:10:32.676] thr=1   paramiko.transport: Secsh channel 0 (session) opened.
DEB [20180429-16:10:37.688] thr=1   paramiko.transport: [chan 0] Unhandled channel request "break"
DEB [20180429-16:12:04.726] thr=1   paramiko.transport: [chan 0] Unhandled channel request "break"
DEB [20180429-16:16:45.124] thr=1   paramiko.transport: [chan 0] Unhandled channel request "break"
DEB [20180429-16:18:47.925] thr=1   paramiko.transport: [chan 0] Unhandled channel request "break"
DEB [20180429-17:10:29.915] thr=1   paramiko.transport: kex algos:['diffie-hellman-group-exchange-sha256', 'diffie-hellman-group-exchange-sha1', 'diffie-hellman-group14-sha1', 'diffie-hellman-group1-sha1', 'rsa2048-sha256', 'rsa1024-sha1'] server key:['ssh-rsa'] client encrypt:['aes256-ctr', 'aes256-cbc', 'rijndael-cbc@lysator.liu.se', 'aes192-ctr', 'aes192-cbc', 'aes128-ctr', 'aes128-cbc', 'blowfish-ctr', 'blowfish-cbc', '3des-ctr', '3des-cbc', 'arcfour256', 'arcfour128'] server encrypt:['aes256-ctr', 'aes256-cbc', 'rijndael-cbc@lysator.liu.se', 'aes192-ctr', 'aes192-cbc', 'aes128-ctr', 'aes128-cbc', 'blowfish-ctr', 'blowfish-cbc', '3des-ctr', '3des-cbc', 'arcfour256', 'arcfour128'] client mac:['hmac-sha2-256', 'hmac-sha1', 'hmac-sha1-96', 'hmac-md5'] server mac:['hmac-sha2-256', 'hmac-sha1', 'hmac-sha1-96', 'hmac-md5'] client compress:['none', 'zlib', 'zlib@openssh.com'] server compress:['none', 'zlib', 'zlib@openssh.com'] client lang:[''] server lang:[''] kex follows?False
DEB [20180429-17:10:29.916] thr=1   paramiko.transport: Kex agreed: diffie-hellman-group14-sha1
DEB [20180429-17:10:29.916] thr=1   paramiko.transport: HostKey agreed: ssh-rsa
DEB [20180429-17:10:29.916] thr=1   paramiko.transport: Cipher agreed: aes256-ctr
DEB [20180429-17:10:29.916] thr=1   paramiko.transport: MAC agreed: hmac-sha2-256
DEB [20180429-17:10:29.916] thr=1   paramiko.transport: Compression agreed: none
DEB [20180429-17:10:30.051] thr=1   paramiko.transport: Switch to new keys ...
DEB [20180429-18:10:30.065] thr=1   paramiko.transport: kex algos:['diffie-hellman-group-exchange-sha256', 'diffie-hellman-group-exchange-sha1', 'diffie-hellman-group14-sha1', 'diffie-hellman-group1-sha1', 'rsa2048-sha256', 'rsa1024-sha1'] server key:['ssh-rsa'] client encrypt:['aes256-ctr', 'aes256-cbc', 'rijndael-cbc@lysator.liu.se', 'aes192-ctr', 'aes192-cbc', 'aes128-ctr', 'aes128-cbc', 'blowfish-ctr', 'blowfish-cbc', '3des-ctr', '3des-cbc', 'arcfour256', 'arcfour128'] server encrypt:['aes256-ctr', 'aes256-cbc', 'rijndael-cbc@lysator.liu.se', 'aes192-ctr', 'aes192-cbc', 'aes128-ctr', 'aes128-cbc', 'blowfish-ctr', 'blowfish-cbc', '3des-ctr', '3des-cbc', 'arcfour256', 'arcfour128'] client mac:['hmac-sha2-256', 'hmac-sha1', 'hmac-sha1-96', 'hmac-md5'] server mac:['hmac-sha2-256', 'hmac-sha1', 'hmac-sha1-96', 'hmac-md5'] client compress:['none', 'zlib', 'zlib@openssh.com'] server compress:['none', 'zlib', 'zlib@openssh.com'] client lang:[''] server lang:[''] kex follows?False
DEB [20180429-18:10:30.066] thr=1   paramiko.transport: Kex agreed: diffie-hellman-group14-sha1
DEB [20180429-18:10:30.066] thr=1   paramiko.transport: HostKey agreed: ssh-rsa
DEB [20180429-18:10:30.066] thr=1   paramiko.transport: Cipher agreed: aes256-ctr
DEB [20180429-18:10:30.066] thr=1   paramiko.transport: MAC agreed: hmac-sha2-256
DEB [20180429-18:10:30.066] thr=1   paramiko.transport: Compression agreed: none
DEB [20180429-18:10:30.201] thr=1   paramiko.transport: Switch to new keys ...
DEB [20180429-19:10:30.207] thr=1   paramiko.transport: kex algos:['diffie-hellman-group-exchange-sha256', 'diffie-hellman-group-exchange-sha1', 'diffie-hellman-group14-sha1', 'diffie-hellman-group1-sha1', 'rsa2048-sha256', 'rsa1024-sha1'] server key:['ssh-rsa'] client encrypt:['aes256-ctr', 'aes256-cbc', 'rijndael-cbc@lysator.liu.se', 'aes192-ctr', 'aes192-cbc', 'aes128-ctr', 'aes128-cbc', 'blowfish-ctr', 'blowfish-cbc', '3des-ctr', '3des-cbc', 'arcfour256', 'arcfour128'] server encrypt:['aes256-ctr', 'aes256-cbc', 'rijndael-cbc@lysator.liu.se', 'aes192-ctr', 'aes192-cbc', 'aes128-ctr', 'aes128-cbc', 'blowfish-ctr', 'blowfish-cbc', '3des-ctr', '3des-cbc', 'arcfour256', 'arcfour128'] client mac:['hmac-sha2-256', 'hmac-sha1', 'hmac-sha1-96', 'hmac-md5'] server mac:['hmac-sha2-256', 'hmac-sha1', 'hmac-sha1-96', 'hmac-md5'] client compress:['none', 'zlib', 'zlib@openssh.com'] server compress:['none', 'zlib', 'zlib@openssh.com'] client lang:[''] server lang:[''] kex follows?False
DEB [20180429-19:10:30.207] thr=1   paramiko.transport: Kex agreed: diffie-hellman-group14-sha1
DEB [20180429-19:10:30.207] thr=1   paramiko.transport: HostKey agreed: ssh-rsa
DEB [20180429-19:10:30.207] thr=1   paramiko.transport: Cipher agreed: aes256-ctr
DEB [20180429-19:10:30.208] thr=1   paramiko.transport: MAC agreed: hmac-sha2-256
DEB [20180429-19:10:30.208] thr=1   paramiko.transport: Compression agreed: none
DEB [20180429-19:10:30.359] thr=1   paramiko.transport: Switch to new keys ...
DEB [20180429-19:26:53.043] thr=2   paramiko.transport: [chan 0] EOF sent (0)
